TN:
SF:model\Conta.js
FN:5,(anonymous_0)
FN:14,(anonymous_1)
FN:18,(anonymous_2)
FN:32,(anonymous_3)
FN:40,(anonymous_4)
FN:53,(anonymous_5)
FN:62,(anonymous_6)
FN:87,(anonymous_7)
FN:91,(anonymous_8)
FNF:9
FNH:8
FNDA:55,(anonymous_0)
FNDA:27,(anonymous_1)
FNDA:495,(anonymous_2)
FNDA:6,(anonymous_3)
FNDA:15,(anonymous_4)
FNDA:9,(anonymous_5)
FNDA:12,(anonymous_6)
FNDA:0,(anonymous_7)
FNDA:1,(anonymous_8)
DA:1,3
DA:4,3
DA:6,55
DA:7,55
DA:8,55
DA:9,55
DA:10,55
DA:11,55
DA:15,27
DA:17,27
DA:18,27
DA:19,495
DA:20,18
DA:25,27
DA:26,18
DA:28,9
DA:33,6
DA:34,3
DA:36,3
DA:41,15
DA:42,12
DA:43,6
DA:44,6
DA:46,6
DA:49,3
DA:54,9
DA:55,6
DA:56,6
DA:58,3
DA:64,12
DA:65,12
DA:67,12
DA:68,3
DA:72,9
DA:73,9
DA:74,9
DA:75,3
DA:78,6
DA:79,6
DA:80,3
DA:81,3
DA:83,3
DA:92,1
DA:93,1
DA:94,1
DA:95,1
DA:96,1
DA:97,1
DA:98,1
DA:99,1
DA:100,1
DA:101,1
DA:102,1
DA:103,1
DA:104,1
DA:105,1
DA:106,1
DA:114,3
LF:58
LH:58
BRDA:19,0,0,18
BRDA:19,0,1,477
BRDA:19,1,0,495
BRDA:19,1,1,21
BRDA:19,1,2,18
BRDA:25,2,0,18
BRDA:25,2,1,9
BRDA:33,3,0,3
BRDA:33,3,1,3
BRDA:41,4,0,12
BRDA:41,4,1,3
BRDA:42,5,0,6
BRDA:42,5,1,6
BRDA:54,6,0,6
BRDA:54,6,1,3
BRDA:67,7,0,3
BRDA:67,7,1,9
BRDA:74,8,0,3
BRDA:74,8,1,6
BRDA:79,9,0,3
BRDA:79,9,1,3
BRF:21
BRH:21
end_of_record
TN:
SF:model\ContaCorrente.js
FN:7,(anonymous_0)
FN:12,(anonymous_1)
FN:16,(anonymous_2)
FNF:3
FNH:3
FNDA:21,(anonymous_0)
FNDA:1,(anonymous_1)
FNDA:1,(anonymous_2)
DA:1,1
DA:2,1
DA:5,1
DA:8,21
DA:9,21
DA:13,1
DA:17,1
DA:18,1
DA:20,1
DA:21,1
DA:22,1
DA:23,1
DA:24,1
DA:25,1
DA:26,1
DA:27,1
DA:28,1
DA:29,1
DA:30,1
DA:31,1
DA:32,1
DA:33,1
DA:34,1
DA:35,1
DA:36,1
DA:37,1
DA:38,1
DA:39,1
DA:44,1
LF:29
LH:29
BRF:0
BRH:0
end_of_record
TN:
SF:model\ContaPoupanca.js
FN:7,(anonymous_0)
FN:13,(anonymous_1)
FN:18,(anonymous_2)
FN:52,(anonymous_3)
FNF:4
FNH:4
FNDA:21,(anonymous_0)
FNDA:1,(anonymous_1)
FNDA:5,(anonymous_2)
FNDA:1,(anonymous_3)
DA:1,1
DA:2,1
DA:5,1
DA:8,21
DA:9,21
DA:14,1
DA:21,5
DA:22,1
DA:27,4
DA:28,1
DA:32,3
DA:35,3
DA:36,1
DA:38,2
DA:39,1
DA:42,1
DA:46,3
DA:48,3
DA:53,1
DA:54,1
DA:56,1
DA:57,1
DA:58,1
DA:59,1
DA:60,1
DA:61,1
DA:62,1
DA:63,1
DA:64,1
DA:65,1
DA:66,1
DA:67,1
DA:68,1
DA:69,1
DA:70,1
DA:71,1
DA:72,1
DA:73,1
DA:74,1
DA:75,1
DA:81,1
LF:41
LH:41
BRDA:21,0,0,1
BRDA:21,0,1,4
BRDA:27,1,0,1
BRDA:27,1,1,3
BRDA:35,2,0,1
BRDA:35,2,1,2
BRDA:38,3,0,1
BRDA:38,3,1,1
BRDA:38,4,0,2
BRDA:38,4,1,2
BRF:10
BRH:10
end_of_record
TN:
SF:model\Titular.js
FN:3,(anonymous_0)
FN:13,(anonymous_1)
FNF:2
FNH:2
FNDA:80,(anonymous_0)
FNDA:4,(anonymous_1)
DA:2,4
DA:4,80
DA:5,80
DA:6,80
DA:7,80
DA:8,80
DA:9,80
DA:10,80
DA:14,4
DA:15,4
DA:16,4
DA:17,4
DA:18,4
DA:19,4
DA:20,4
DA:21,4
DA:22,4
DA:23,4
DA:24,4
DA:25,4
DA:26,4
DA:27,4
DA:28,4
DA:29,4
DA:30,4
DA:31,4
DA:32,4
DA:33,4
DA:40,4
LF:29
LH:29
BRF:0
BRH:0
end_of_record
